<?xml version="1.0" encoding="UTF-8"?>
<coverage generated="1559212282419" clover="3.2.0">
  <project timestamp="1559212282419" name="All files">
    <metrics statements="38" coveredstatements="38" conditionals="3" coveredconditionals="3" methods="10" coveredmethods="10" elements="51" coveredelements="51" complexity="0" loc="38" ncloc="38" packages="4" files="7" classes="7"/>
    <package name="client">
      <metrics statements="1" coveredstatements="1" conditionals="0" coveredconditionals="0" methods="0" coveredmethods="0"/>
      <file name="style-mock.js" path="C:\dev\green-thumb-cards\client\style-mock.js">
        <metrics statements="1" coveredstatements="1" conditionals="0" coveredconditionals="0" methods="0" coveredmethods="0"/>
        <line num="5" count="1" type="stmt"/>
      </file>
    </package>
    <package name="client.src">
      <metrics statements="2" coveredstatements="2" conditionals="0" coveredconditionals="0" methods="0" coveredmethods="0"/>
      <file name="store.js" path="C:\dev\green-thumb-cards\client\src\store.js">
        <metrics statements="2" coveredstatements="2" conditionals="0" coveredconditionals="0" methods="0" coveredmethods="0"/>
        <line num="5" count="1" type="stmt"/>
        <line num="9" count="1" type="stmt"/>
      </file>
    </package>
    <package name="client.src.components">
      <metrics statements="22" coveredstatements="22" conditionals="0" coveredconditionals="0" methods="8" coveredmethods="8"/>
      <file name="App.js" path="C:\dev\green-thumb-cards\client\src\components\App.js">
        <metrics statements="8" coveredstatements="8" conditionals="0" coveredconditionals="0" methods="3" coveredmethods="3"/>
        <line num="9" count="1" type="stmt"/>
        <line num="10" count="2" type="stmt"/>
        <line num="12" count="2" type="stmt"/>
        <line num="14" count="2" type="stmt"/>
        <line num="26" count="1" type="stmt"/>
        <line num="30" count="1" type="stmt"/>
        <line num="31" count="2" type="stmt"/>
        <line num="36" count="1" type="stmt"/>
      </file>
      <file name="Footer.js" path="C:\dev\green-thumb-cards\client\src\components\Footer.js">
        <metrics statements="4" coveredstatements="4" conditionals="0" coveredconditionals="0" methods="1" coveredmethods="1"/>
        <line num="5" count="1" type="stmt"/>
        <line num="6" count="2" type="stmt"/>
        <line num="7" count="2" type="stmt"/>
        <line num="9" count="2" type="stmt"/>
      </file>
      <file name="GameBoard.js" path="C:\dev\green-thumb-cards\client\src\components\GameBoard.js">
        <metrics statements="5" coveredstatements="5" conditionals="0" coveredconditionals="0" methods="2" coveredmethods="2"/>
        <line num="7" count="1" type="stmt"/>
        <line num="8" count="2" type="stmt"/>
        <line num="15" count="1" type="stmt"/>
        <line num="19" count="1" type="stmt"/>
        <line num="20" count="2" type="stmt"/>
      </file>
      <file name="Hand.js" path="C:\dev\green-thumb-cards\client\src\components\Hand.js">
        <metrics statements="5" coveredstatements="5" conditionals="0" coveredconditionals="0" methods="2" coveredmethods="2"/>
        <line num="5" count="1" type="stmt"/>
        <line num="6" count="2" type="stmt"/>
        <line num="11" count="1" type="stmt"/>
        <line num="15" count="1" type="stmt"/>
        <line num="16" count="2" type="stmt"/>
      </file>
    </package>
    <package name="client.src.reducers">
      <metrics statements="13" coveredstatements="13" conditionals="3" coveredconditionals="3" methods="2" coveredmethods="2"/>
      <file name="deckReducer.js" path="C:\dev\green-thumb-cards\client\src\reducers\deckReducer.js">
        <metrics statements="13" coveredstatements="13" conditionals="3" coveredconditionals="3" methods="2" coveredmethods="2"/>
        <line num="3" count="1" type="stmt"/>
        <line num="5" count="1" type="cond" truecount="1" falsecount="0"/>
        <line num="6" count="4" type="cond" truecount="2" falsecount="0"/>
        <line num="8" count="1" type="stmt"/>
        <line num="10" count="1" type="stmt"/>
        <line num="11" count="109" type="stmt"/>
        <line num="12" count="109" type="stmt"/>
        <line num="13" count="109" type="stmt"/>
        <line num="14" count="109" type="stmt"/>
        <line num="16" count="1" type="stmt"/>
        <line num="18" count="3" type="stmt"/>
        <line num="22" count="1" type="stmt"/>
        <line num="23" count="1" type="stmt"/>
      </file>
    </package>
  </project>
</coverage>
