TN:
SF:C:\dev\green-thumb-cards\client\style-mock.js
FNF:0
FNH:0
DA:5,1
LF:1
LH:1
BRF:0
BRH:0
end_of_record
TN:
SF:C:\dev\green-thumb-cards\client\src\store.js
FNF:0
FNH:0
DA:5,1
DA:9,1
LF:2
LH:2
BRF:0
BRH:0
end_of_record
TN:
SF:C:\dev\green-thumb-cards\client\src\components\App.js
FN:9,(anonymous_0)
FN:12,(anonymous_1)
FN:30,(anonymous_2)
FNF:3
FNH:3
FNDA:2,(anonymous_0)
FNDA:1,(anonymous_1)
FNDA:2,(anonymous_2)
DA:9,1
DA:10,2
DA:12,2
DA:14,2
DA:26,1
DA:30,1
DA:31,2
DA:36,1
LF:8
LH:8
BRF:0
BRH:0
end_of_record
TN:
SF:C:\dev\green-thumb-cards\client\src\components\Footer.js
FN:5,(anonymous_0)
FNF:1
FNH:1
FNDA:2,(anonymous_0)
DA:5,1
DA:6,2
DA:7,2
DA:9,2
LF:4
LH:4
BRF:0
BRH:0
end_of_record
TN:
SF:C:\dev\green-thumb-cards\client\src\components\GameBoard.js
FN:7,(anonymous_0)
FN:19,(anonymous_1)
FNF:2
FNH:2
FNDA:2,(anonymous_0)
FNDA:2,(anonymous_1)
DA:7,1
DA:8,2
DA:15,1
DA:19,1
DA:20,2
LF:5
LH:5
BRF:0
BRH:0
end_of_record
TN:
SF:C:\dev\green-thumb-cards\client\src\components\Hand.js
FN:5,(anonymous_0)
FN:15,(anonymous_1)
FNF:2
FNH:2
FNDA:2,(anonymous_0)
FNDA:2,(anonymous_1)
DA:5,1
DA:6,2
DA:11,1
DA:15,1
DA:16,2
LF:5
LH:5
BRF:0
BRH:0
end_of_record
TN:
SF:C:\dev\green-thumb-cards\client\src\reducers\deckReducer.js
FN:5,(anonymous_0)
FN:22,(anonymous_1)
FNF:2
FNH:2
FNDA:4,(anonymous_0)
FNDA:1,(anonymous_1)
DA:3,1
DA:5,1
DA:6,4
DA:8,1
DA:10,1
DA:11,109
DA:12,109
DA:13,109
DA:14,109
DA:16,1
DA:18,3
DA:22,1
DA:23,1
LF:13
LH:13
BRDA:5,0,0,3
BRDA:6,1,0,1
BRDA:6,1,1,3
BRF:3
BRH:3
end_of_record
